<?xml version="1.0" encoding="UTF-8"?>
<!-- Generated by org.testng.reporters.JUnitReportReporter -->
<testsuite hostname="LAPTOP-DUC23RBC" failures="0" tests="1" name="test.LoginTest" time="2.077" errors="0" timestamp="2022-04-06T15:43:53 IST" skipped="0">
  <testcase classname="test.LoginTest" name="login" time="2.077"/>
  <system-out/>
</testsuite> <!-- test.LoginTest -->
